1484823998688	geckodriver	INFO	Listening on 127.0.0.1:61387
1484823999629	mozprofile::profile	INFO	Using profile path /var/folders/l8/cr5skbnj4wq1w4st_28hms7r0000gn/T/rust_mozprofile.JPD3gjPrATiJ
1484823999633	geckodriver::marionette	INFO	Starting browser /Applications/Firefox.app/Contents/MacOS/firefox-bin
1484823999679	geckodriver::marionette	INFO	Connecting to Marionette on localhost:61397
1484824000600	Marionette	INFO	Listening on port 61397
*************************
A coding exception was thrown and uncaught in a Task.

Full message: TypeError: NetworkError when attempting to fetch resource.
Full stack: 
*************************
1484824835843	geckodriver	INFO	Listening on 127.0.0.1:62032
1484824836817	mozprofile::profile	INFO	Using profile path /var/folders/l8/cr5skbnj4wq1w4st_28hms7r0000gn/T/rust_mozprofile.SHCO6aGdq6LG
1484824836820	geckodriver::marionette	INFO	Starting browser /Applications/Firefox.app/Contents/MacOS/firefox-bin
1484824836828	geckodriver::marionette	INFO	Connecting to Marionette on localhost:62041
1484824837757	Marionette	INFO	Listening on port 62041
1484824969360	geckodriver	INFO	Listening on 127.0.0.1:62195
1484824970315	mozprofile::profile	INFO	Using profile path /var/folders/l8/cr5skbnj4wq1w4st_28hms7r0000gn/T/rust_mozprofile.BcCF92edEaZk
1484824970318	geckodriver::marionette	INFO	Starting browser /Applications/Firefox.app/Contents/MacOS/firefox-bin
1484824970329	geckodriver::marionette	INFO	Connecting to Marionette on localhost:62204
1484824971102	Marionette	INFO	Listening on port 62204
2017-01-19 20:25:03.500 firefox-bin[57656:5269076] -deltaZ is deprecated for NSEventTypeMagnify.  Please use -magnification.
1484825249916	geckodriver	INFO	Listening on 127.0.0.1:62438
1484825250874	mozprofile::profile	INFO	Using profile path /var/folders/l8/cr5skbnj4wq1w4st_28hms7r0000gn/T/rust_mozprofile.GCDh3DFCKqaD
1484825250878	geckodriver::marionette	INFO	Starting browser /Applications/Firefox.app/Contents/MacOS/firefox-bin
1484825250887	geckodriver::marionette	INFO	Connecting to Marionette on localhost:62449
1484825251500	Marionette	INFO	Listening on port 62449
JavaScript error: resource://gre/modules/commonjs/toolkit/loader.js -> resource://devtools/client/inspector/breadcrumbs.js, line 486: TypeError: this.handleMouseLeave is not a function
JavaScript error: resource://gre/modules/commonjs/toolkit/loader.js -> resource://devtools/client/inspector/breadcrumbs.js, line 486: TypeError: this.handleMouseLeave is not a function
JavaScript error: resource://gre/modules/commonjs/toolkit/loader.js -> resource://devtools/client/inspector/breadcrumbs.js, line 486: TypeError: this.handleMouseLeave is not a function
JavaScript error: resource://gre/modules/commonjs/toolkit/loader.js -> resource://devtools/client/inspector/breadcrumbs.js, line 486: TypeError: this.handleMouseLeave is not a function
JavaScript error: resource://gre/modules/LoginManagerParent.jsm, line 77: TypeError: this._recipeManager is null
console.warn: nsLoginManager: searchLogins: `formSubmitURL` or `httpRealm` is recommended
JavaScript error: resource://gre/modules/commonjs/toolkit/loader.js -> resource://devtools/client/inspector/breadcrumbs.js, line 486: TypeError: this.handleMouseLeave is not a function
JavaScript error: resource://gre/modules/commonjs/toolkit/loader.js -> resource://devtools/client/inspector/breadcrumbs.js, line 486: TypeError: this.handleMouseLeave is not a function
JavaScript error: resource://gre/modules/commonjs/toolkit/loader.js -> resource://devtools/client/inspector/breadcrumbs.js, line 486: TypeError: this.handleMouseLeave is not a function
*************************
A coding exception was thrown and uncaught in a Task.

Full message: TypeError: NetworkError when attempting to fetch resource.
Full stack: 
*************************
JavaScript error: resource://gre/modules/LoginManagerParent.jsm, line 77: TypeError: this._recipeManager is null
console.warn: nsLoginManager: searchLogins: `formSubmitURL` or `httpRealm` is recommended
JavaScript error: resource://gre/modules/LoginManagerParent.jsm, line 77: TypeError: this._recipeManager is null
console.warn: nsLoginManager: searchLogins: `formSubmitURL` or `httpRealm` is recommended
*************************
A coding exception was thrown and uncaught in a Task.

Full message: TypeError: NetworkError when attempting to fetch resource.
Full stack: 
*************************
1484826147289	geckodriver	INFO	Listening on 127.0.0.1:63162
1484826148245	mozprofile::profile	INFO	Using profile path /var/folders/l8/cr5skbnj4wq1w4st_28hms7r0000gn/T/rust_mozprofile.gMXCm7qk9Hk4
1484826148248	geckodriver::marionette	INFO	Starting browser /Applications/Firefox.app/Contents/MacOS/firefox-bin
1484826148256	geckodriver::marionette	INFO	Connecting to Marionette on localhost:63173
1484826149006	Marionette	INFO	Listening on port 63173
1484826154287	geckodriver	INFO	Listening on 127.0.0.1:63201
1484826155250	mozprofile::profile	INFO	Using profile path /var/folders/l8/cr5skbnj4wq1w4st_28hms7r0000gn/T/rust_mozprofile.OY71lagEnlFt
1484826155253	geckodriver::marionette	INFO	Starting browser /Applications/Firefox.app/Contents/MacOS/firefox-bin
1484826155264	geckodriver::marionette	INFO	Connecting to Marionette on localhost:63211
1484826155817	Marionette	INFO	Listening on port 63211
1484826161610	geckodriver	INFO	Listening on 127.0.0.1:63236
1484826162570	mozprofile::profile	INFO	Using profile path /var/folders/l8/cr5skbnj4wq1w4st_28hms7r0000gn/T/rust_mozprofile.A77iBIyijiRG
1484826162574	geckodriver::marionette	INFO	Starting browser /Applications/Firefox.app/Contents/MacOS/firefox-bin
1484826162583	geckodriver::marionette	INFO	Connecting to Marionette on localhost:63245
1484826163161	Marionette	INFO	Listening on port 63245
JavaScript warning: https://www.nostarch.com/sites/default/files/js/js_eaf9b3e1ef83026eae354d778d9b9204.js, line 2: unreachable code after return statement
*************************
A coding exception was thrown and uncaught in a Task.

Full message: TypeError: this.browserForTab is undefined
Full stack: hasRemotenessChange@chrome://marionette/content/browser.js:233:9
executeWhenReady@chrome://marionette/content/browser.js:264:9
GeckoDriver.prototype.sendAsync@chrome://marionette/content/driver.js:218:5
send/<@chrome://marionette/content/proxy.js:138:7
send@chrome://marionette/content/proxy.js:105:12
ownPriorityGetterTrap.get/<@chrome://marionette/content/proxy.js:24:25
GeckoDriver.prototype.findElement@chrome://marionette/content/driver.js:1691:31
TaskImpl_run@resource://gre/modules/Task.jsm:319:40
TaskImpl@resource://gre/modules/Task.jsm:280:3
createAsyncFunction/asyncFunction@resource://gre/modules/Task.jsm:254:14
Task_spawn@resource://gre/modules/Task.jsm:168:12
TaskImpl_handleResultValue@resource://gre/modules/Task.jsm:388:16
TaskImpl_run@resource://gre/modules/Task.jsm:327:13
TaskImpl@resource://gre/modules/Task.jsm:280:3
createAsyncFunction/asyncFunction@resource://gre/modules/Task.jsm:254:14
Task_spawn@resource://gre/modules/Task.jsm:168:12
Dispatcher.prototype.execute@chrome://marionette/content/dispatcher.js:117:13
Dispatcher.prototype.onPacket@chrome://marionette/content/dispatcher.js:88:5
DebuggerTransport.prototype._onJSONObjectReady/<@chrome://marionette/content/server.js -> resource://devtools/shared/transport/transport.js:482:11
exports.makeInfallible/<@resource://gre/modules/commonjs/toolkit/loader.js -> resource://devtools/shared/ThreadSafeDevToolsUtils.js:101:14
exports.makeInfallible/<@resource://gre/modules/commonjs/toolkit/loader.js -> resource://devtools/shared/ThreadSafeDevToolsUtils.js:101:14

*************************
*************************
A coding exception was thrown and uncaught in a Task.

Full message: TypeError: this.browserForTab is undefined
Full stack: hasRemotenessChange@chrome://marionette/content/browser.js:233:9
executeWhenReady@chrome://marionette/content/browser.js:264:9
GeckoDriver.prototype.sendAsync@chrome://marionette/content/driver.js:218:5
send/<@chrome://marionette/content/proxy.js:138:7
send@chrome://marionette/content/proxy.js:105:12
ownPriorityGetterTrap.get/<@chrome://marionette/content/proxy.js:24:25
GeckoDriver.prototype.findElement@chrome://marionette/content/driver.js:1691:31
TaskImpl_run@resource://gre/modules/Task.jsm:319:40
TaskImpl@resource://gre/modules/Task.jsm:280:3
createAsyncFunction/asyncFunction@resource://gre/modules/Task.jsm:254:14
Task_spawn@resource://gre/modules/Task.jsm:168:12
TaskImpl_handleResultValue@resource://gre/modules/Task.jsm:388:16
TaskImpl_run@resource://gre/modules/Task.jsm:327:13
TaskImpl@resource://gre/modules/Task.jsm:280:3
createAsyncFunction/asyncFunction@resource://gre/modules/Task.jsm:254:14
Task_spawn@resource://gre/modules/Task.jsm:168:12
Dispatcher.prototype.execute@chrome://marionette/content/dispatcher.js:117:13
Dispatcher.prototype.onPacket@chrome://marionette/content/dispatcher.js:88:5
DebuggerTransport.prototype._onJSONObjectReady/<@chrome://marionette/content/server.js -> resource://devtools/shared/transport/transport.js:482:11
exports.makeInfallible/<@resource://gre/modules/commonjs/toolkit/loader.js -> resource://devtools/shared/ThreadSafeDevToolsUtils.js:101:14
exports.makeInfallible/<@resource://gre/modules/commonjs/toolkit/loader.js -> resource://devtools/shared/ThreadSafeDevToolsUtils.js:101:14

*************************
*************************
A coding exception was thrown in a Promise rejection callback.
See https://developer.mozilla.org/Mozilla/JavaScript_code_modules/Promise.jsm/Promise

Full message: TypeError: this.browserForTab is undefined
Full stack: hasRemotenessChange@chrome://marionette/content/browser.js:233:9
executeWhenReady@chrome://marionette/content/browser.js:264:9
GeckoDriver.prototype.sendAsync@chrome://marionette/content/driver.js:218:5
send/<@chrome://marionette/content/proxy.js:138:7
send@chrome://marionette/content/proxy.js:105:12
ownPriorityGetterTrap.get/<@chrome://marionette/content/proxy.js:24:25
GeckoDriver.prototype.findElement@chrome://marionette/content/driver.js:1691:31
TaskImpl_run@resource://gre/modules/Task.jsm:319:40
TaskImpl@resource://gre/modules/Task.jsm:280:3
createAsyncFunction/asyncFunction@resource://gre/modules/Task.jsm:254:14
Task_spawn@resource://gre/modules/Task.jsm:168:12
TaskImpl_handleResultValue@resource://gre/modules/Task.jsm:388:16
TaskImpl_run@resource://gre/modules/Task.jsm:327:13
TaskImpl@resource://gre/modules/Task.jsm:280:3
createAsyncFunction/asyncFunction@resource://gre/modules/Task.jsm:254:14
Task_spawn@resource://gre/modules/Task.jsm:168:12
Dispatcher.prototype.execute@chrome://marionette/content/dispatcher.js:117:13
Dispatcher.prototype.onPacket@chrome://marionette/content/dispatcher.js:88:5
DebuggerTransport.prototype._onJSONObjectReady/<@chrome://marionette/content/server.js -> resource://devtools/shared/transport/transport.js:482:11
exports.makeInfallible/<@resource://gre/modules/commonjs/toolkit/loader.js -> resource://devtools/shared/ThreadSafeDevToolsUtils.js:101:14
exports.makeInfallible/<@resource://gre/modules/commonjs/toolkit/loader.js -> resource://devtools/shared/ThreadSafeDevToolsUtils.js:101:14

*************************
Marionette threw an error: TypeError: this.browserForTab is undefined
hasRemotenessChange@chrome://marionette/content/browser.js:233:9
executeWhenReady@chrome://marionette/content/browser.js:264:9
GeckoDriver.prototype.sendAsync@chrome://marionette/content/driver.js:218:5
send/<@chrome://marionette/content/proxy.js:138:7
send@chrome://marionette/content/proxy.js:105:12
ownPriorityGetterTrap.get/<@chrome://marionette/content/proxy.js:24:25
GeckoDriver.prototype.findElement@chrome://marionette/content/driver.js:1691:31
TaskImpl_run@resource://gre/modules/Task.jsm:319:40
TaskImpl@resource://gre/modules/Task.jsm:280:3
createAsyncFunction/asyncFunction@resource://gre/modules/Task.jsm:254:14
Task_spawn@resource://gre/modules/Task.jsm:168:12
TaskImpl_handleResultValue@resource://gre/modules/Task.jsm:388:16
TaskImpl_run@resource://gre/modules/Task.jsm:327:13
TaskImpl@resource://gre/modules/Task.jsm:280:3
createAsyncFunction/asyncFunction@resource://gre/modules/Task.jsm:254:14
Task_spawn@resource://gre/modules/Task.jsm:168:12
Dispatcher.prototype.execute@chrome://marionette/content/dispatcher.js:117:13
Dispatcher.prototype.onPacket@chrome://marionette/content/dispatcher.js:88:5
DebuggerTransport.prototype._onJSONObjectReady/<@chrome://marionette/content/server.js -> resource://devtools/shared/transport/transport.js:482:11
exports.makeInfallible/<@resource://gre/modules/commonjs/toolkit/loader.js -> resource://devtools/shared/ThreadSafeDevToolsUtils.js:101:14
exports.makeInfallible/<@resource://gre/modules/commonjs/toolkit/loader.js -> resource://devtools/shared/ThreadSafeDevToolsUtils.js:101:14

JavaScript warning: https://www.nostarch.com/sites/default/files/js/js_eaf9b3e1ef83026eae354d778d9b9204.js, line 2: unreachable code after return statement
JavaScript warning: https://www.nostarch.com/sites/default/files/js/js_eaf9b3e1ef83026eae354d778d9b9204.js, line 2: unreachable code after return statement
1484826684426	geckodriver	INFO	Listening on 127.0.0.1:63690
1484826685391	mozprofile::profile	INFO	Using profile path /var/folders/l8/cr5skbnj4wq1w4st_28hms7r0000gn/T/rust_mozprofile.pSp2O7JyutnX
1484826685395	geckodriver::marionette	INFO	Starting browser /Applications/Firefox.app/Contents/MacOS/firefox-bin
1484826685405	geckodriver::marionette	INFO	Connecting to Marionette on localhost:63699
1484826686300	Marionette	INFO	Listening on port 63699
JavaScript warning: https://www.nostarch.com/sites/default/files/js/js_eaf9b3e1ef83026eae354d778d9b9204.js, line 2: unreachable code after return statement
*************************
A coding exception was thrown and uncaught in a Task.

Full message: TypeError: NetworkError when attempting to fetch resource.
Full stack: 
*************************
*************************
A coding exception was thrown and uncaught in a Task.

Full message: TypeError: NetworkError when attempting to fetch resource.
Full stack: 
*************************
*************************
A coding exception was thrown and uncaught in a Task.

Full message: TypeError: NetworkError when attempting to fetch resource.
Full stack: 
*************************
*************************
A coding exception was thrown and uncaught in a Task.

Full message: TypeError: NetworkError when attempting to fetch resource.
Full stack: 
*************************
